2025-06-09 20:04:12,058 - WARNING - passlib.handlers.bcrypt - (trapped) error reading bcrypt version
Traceback (most recent call last):
  File "C:\Users\hp\PycharmProjects\ecommerce-backend\venv\Lib\site-packages\passlib\handlers\bcrypt.py", line 620, in _load_backend_mixin
    version = _bcrypt.__about__.__version__
              ^^^^^^^^^^^^^^^^^
AttributeError: module 'bcrypt' has no attribute '__about__'
2025-06-09 20:06:28,823 - WARNING - passlib.handlers.bcrypt - (trapped) error reading bcrypt version
Traceback (most recent call last):
  File "C:\Users\hp\PycharmProjects\ecommerce-backend\venv\Lib\site-packages\passlib\handlers\bcrypt.py", line 620, in _load_backend_mixin
    version = _bcrypt.__about__.__version__
              ^^^^^^^^^^^^^^^^^
AttributeError: module 'bcrypt' has no attribute '__about__'
2025-06-09 20:06:42,272 - WARNING - passlib.handlers.bcrypt - (trapped) error reading bcrypt version
Traceback (most recent call last):
  File "C:\Users\hp\PycharmProjects\ecommerce-backend\venv\Lib\site-packages\passlib\handlers\bcrypt.py", line 620, in _load_backend_mixin
    version = _bcrypt.__about__.__version__
              ^^^^^^^^^^^^^^^^^
AttributeError: module 'bcrypt' has no attribute '__about__'
2025-06-09 20:06:42,535 - INFO - ecommerce - Login requested by adarshmsd77@gmail.com
2025-06-09 20:06:42,539 - INFO - ecommerce - POST /auth/signin - 200 in 0.2759s
